[2022-09-07T01:29:53.708Z] Validating found git in: git
[2022-09-07T01:29:53.755Z] Using git 2.25.1 from git
[2022-09-07T01:29:53.804Z] > git rev-parse --show-toplevel [38ms]
[2022-09-07T01:29:53.805Z] fatal: not a git repository (or any of the parent directories): .git
[2022-09-07T01:29:53.816Z] > git rev-parse --show-toplevel [4ms]
[2022-09-07T01:29:53.816Z] fatal: not a git repository (or any of the parent directories): .git
[2022-09-07T01:29:53.822Z] > git rev-parse --show-toplevel [1ms]
[2022-09-07T01:29:53.822Z] fatal: not a git repository (or any of the parent directories): .git
[2022-09-07T01:46:00.043Z] > git rev-parse --show-toplevel [2ms]
[2022-09-07T01:46:00.043Z] fatal: not a git repository (or any of the parent directories): .git
[2022-09-07T01:46:02.426Z] > git rev-parse --show-toplevel [2ms]
[2022-09-07T01:46:02.426Z] fatal: not a git repository (or any of the parent directories): .git
[2022-09-07T02:21:58.380Z] > git rev-parse --show-toplevel [1ms]
[2022-09-07T02:21:58.380Z] fatal: not a git repository (or any of the parent directories): .git
[2022-09-07T02:22:06.657Z] > git rev-parse --show-toplevel [1ms]
[2022-09-07T02:22:06.657Z] fatal: not a git repository (or any of the parent directories): .git
[2022-09-07T02:24:59.628Z] > git rev-parse --show-toplevel [1ms]
[2022-09-07T02:24:59.628Z] fatal: not a git repository (or any of the parent directories): .git
[2022-09-07T02:25:01.397Z] > git rev-parse --show-toplevel [2ms]
[2022-09-07T02:25:01.397Z] fatal: not a git repository (or any of the parent directories): .git
[2022-09-07T02:25:30.103Z] > git rev-parse --show-toplevel [2ms]
[2022-09-07T02:25:30.103Z] fatal: not a git repository (or any of the parent directories): .git
[2022-09-07T02:25:49.490Z] > git rev-parse --show-toplevel [2ms]
[2022-09-07T02:25:49.490Z] fatal: not a git repository (or any of the parent directories): .git
[2022-09-07T02:27:03.052Z] > git rev-parse --show-toplevel [1ms]
[2022-09-07T02:27:03.056Z] > git rev-parse --git-dir --git-common-dir [1ms]
[2022-09-07T02:27:03.063Z] Open repository: /home/ubuntu
[2022-09-07T02:27:03.105Z] > git status -z -uall [35ms]
[2022-09-07T02:27:03.112Z] > git symbolic-ref --short HEAD [3ms]
[2022-09-07T02:27:03.117Z] > git for-each-ref --format=%(refname)%00%(upstream:short)%00%(objectname)%00%(upstream:track)%00%(upstream:remotename)%00%(upstream:remoteref) refs/heads/master refs/remotes/master [1ms]
[2022-09-07T02:27:03.125Z] > git remote --verbose [2ms]
[2022-09-07T02:27:03.125Z] > git for-each-ref --sort -committerdate --format %(refname) %(objectname) %(*objectname) [5ms]
[2022-09-07T02:27:03.659Z] > git config --get commit.template [25ms]
[2022-09-07T02:27:03.662Z] > git check-ignore -v -z --stdin [9ms]
[2022-09-07T02:27:06.164Z] > git status -z -uall [16ms]
[2022-09-07T02:27:06.169Z] > git symbolic-ref --short HEAD [1ms]
[2022-09-07T02:27:06.174Z] > git for-each-ref --format=%(refname)%00%(upstream:short)%00%(objectname)%00%(upstream:track)%00%(upstream:remotename)%00%(upstream:remoteref) refs/heads/master refs/remotes/master [1ms]
[2022-09-07T02:27:06.181Z] > git for-each-ref --sort -committerdate --format %(refname) %(objectname) %(*objectname) [4ms]
[2022-09-07T02:27:06.181Z] > git remote --verbose [1ms]
[2022-09-07T02:27:06.222Z] > git config --get commit.template [11ms]
[2022-09-07T02:27:11.239Z] > git status -z -uall [12ms]
[2022-09-07T02:27:11.243Z] > git symbolic-ref --short HEAD [1ms]
[2022-09-07T02:27:11.249Z] > git for-each-ref --format=%(refname)%00%(upstream:short)%00%(objectname)%00%(upstream:track)%00%(upstream:remotename)%00%(upstream:remoteref) refs/heads/master refs/remotes/master [1ms]
[2022-09-07T02:27:11.256Z] > git for-each-ref --sort -committerdate --format %(refname) %(objectname) %(*objectname) [4ms]
[2022-09-07T02:27:11.257Z] > git remote --verbose [1ms]
[2022-09-07T02:27:11.280Z] > git config --get commit.template [0ms]
[2022-09-07T02:27:16.338Z] > git status -z -uall [44ms]
[2022-09-07T02:27:16.347Z] > git symbolic-ref --short HEAD [1ms]
[2022-09-07T02:27:16.354Z] > git for-each-ref --format=%(refname)%00%(upstream:short)%00%(objectname)%00%(upstream:track)%00%(upstream:remotename)%00%(upstream:remoteref) refs/heads/master refs/remotes/master [1ms]
[2022-09-07T02:27:16.364Z] > git for-each-ref --sort -committerdate --format %(refname) %(objectname) %(*objectname) [5ms]
[2022-09-07T02:27:16.364Z] > git remote --verbose [1ms]
[2022-09-07T02:27:16.378Z] > git config --get commit.template [1ms]
[2022-09-07T02:27:21.394Z] > git status -z -uall [10ms]
[2022-09-07T02:27:21.400Z] > git symbolic-ref --short HEAD [1ms]
[2022-09-07T02:27:21.406Z] > git for-each-ref --format=%(refname)%00%(upstream:short)%00%(objectname)%00%(upstream:track)%00%(upstream:remotename)%00%(upstream:remoteref) refs/heads/master refs/remotes/master [1ms]
[2022-09-07T02:27:21.416Z] > git for-each-ref --sort -committerdate --format %(refname) %(objectname) %(*objectname) [6ms]
[2022-09-07T02:27:21.417Z] > git remote --verbose [2ms]
[2022-09-07T02:27:21.423Z] > git config --get commit.template [0ms]
[2022-09-07T02:27:26.441Z] > git status -z -uall [10ms]
[2022-09-07T02:27:26.446Z] > git symbolic-ref --short HEAD [1ms]
[2022-09-07T02:27:26.451Z] > git for-each-ref --format=%(refname)%00%(upstream:short)%00%(objectname)%00%(upstream:track)%00%(upstream:remotename)%00%(upstream:remoteref) refs/heads/master refs/remotes/master [1ms]
[2022-09-07T02:27:26.459Z] > git for-each-ref --sort -committerdate --format %(refname) %(objectname) %(*objectname) [4ms]
[2022-09-07T02:27:26.459Z] > git remote --verbose [1ms]
[2022-09-07T02:27:26.465Z] > git config --get commit.template [1ms]
[2022-09-07T02:27:31.491Z] > git status -z -uall [14ms]
[2022-09-07T02:27:31.497Z] > git symbolic-ref --short HEAD [1ms]
[2022-09-07T02:27:31.502Z] > git for-each-ref --format=%(refname)%00%(upstream:short)%00%(objectname)%00%(upstream:track)%00%(upstream:remotename)%00%(upstream:remoteref) refs/heads/master refs/remotes/master [1ms]
[2022-09-07T02:27:31.510Z] > git for-each-ref --sort -committerdate --format %(refname) %(objectname) %(*objectname) [5ms]
[2022-09-07T02:27:31.510Z] > git remote --verbose [1ms]
[2022-09-07T02:27:31.517Z] > git config --get commit.template [1ms]
[2022-09-07T02:27:36.541Z] > git status -z -uall [10ms]
[2022-09-07T02:27:36.546Z] > git symbolic-ref --short HEAD [1ms]
[2022-09-07T02:27:36.551Z] > git for-each-ref --format=%(refname)%00%(upstream:short)%00%(objectname)%00%(upstream:track)%00%(upstream:remotename)%00%(upstream:remoteref) refs/heads/master refs/remotes/master [1ms]
[2022-09-07T02:27:36.559Z] > git for-each-ref --sort -committerdate --format %(refname) %(objectname) %(*objectname) [4ms]
[2022-09-07T02:27:36.559Z] > git remote --verbose [1ms]
[2022-09-07T02:27:36.566Z] > git config --get commit.template [1ms]
[2022-09-07T02:27:41.586Z] > git status -z -uall [10ms]
[2022-09-07T02:27:41.591Z] > git symbolic-ref --short HEAD [1ms]
[2022-09-07T02:27:41.595Z] > git for-each-ref --format=%(refname)%00%(upstream:short)%00%(objectname)%00%(upstream:track)%00%(upstream:remotename)%00%(upstream:remoteref) refs/heads/master refs/remotes/master [1ms]
[2022-09-07T02:27:41.603Z] > git remote --verbose [1ms]
[2022-09-07T02:27:41.603Z] > git for-each-ref --sort -committerdate --format %(refname) %(objectname) %(*objectname) [4ms]
[2022-09-07T02:27:41.609Z] > git config --get commit.template [1ms]
[2022-09-07T02:27:46.628Z] > git status -z -uall [10ms]
[2022-09-07T02:27:46.633Z] > git symbolic-ref --short HEAD [1ms]
[2022-09-07T02:27:46.638Z] > git for-each-ref --format=%(refname)%00%(upstream:short)%00%(objectname)%00%(upstream:track)%00%(upstream:remotename)%00%(upstream:remoteref) refs/heads/master refs/remotes/master [1ms]
[2022-09-07T02:27:46.646Z] > git for-each-ref --sort -committerdate --format %(refname) %(objectname) %(*objectname) [5ms]
[2022-09-07T02:27:46.646Z] > git remote --verbose [1ms]
[2022-09-07T02:27:46.652Z] > git config --get commit.template [1ms]
[2022-09-07T02:27:51.673Z] > git status -z -uall [11ms]
[2022-09-07T02:27:51.679Z] > git symbolic-ref --short HEAD [1ms]
[2022-09-07T02:27:51.684Z] > git for-each-ref --format=%(refname)%00%(upstream:short)%00%(objectname)%00%(upstream:track)%00%(upstream:remotename)%00%(upstream:remoteref) refs/heads/master refs/remotes/master [1ms]
[2022-09-07T02:27:51.692Z] > git remote --verbose [1ms]
[2022-09-07T02:27:51.692Z] > git for-each-ref --sort -committerdate --format %(refname) %(objectname) %(*objectname) [5ms]
[2022-09-07T02:27:51.697Z] > git config --get commit.template [0ms]
[2022-09-07T02:27:56.713Z] > git status -z -uall [10ms]
[2022-09-07T02:27:56.718Z] > git symbolic-ref --short HEAD [1ms]
[2022-09-07T02:27:56.723Z] > git for-each-ref --format=%(refname)%00%(upstream:short)%00%(objectname)%00%(upstream:track)%00%(upstream:remotename)%00%(upstream:remoteref) refs/heads/master refs/remotes/master [1ms]
[2022-09-07T02:27:56.730Z] > git for-each-ref --sort -committerdate --format %(refname) %(objectname) %(*objectname) [4ms]
[2022-09-07T02:27:56.730Z] > git remote --verbose [1ms]
[2022-09-07T02:27:56.738Z] > git config --get commit.template [1ms]
[2022-09-07T02:28:01.767Z] > git status -z -uall [21ms]
[2022-09-07T02:28:01.773Z] > git symbolic-ref --short HEAD [1ms]
[2022-09-07T02:28:01.779Z] > git for-each-ref --format=%(refname)%00%(upstream:short)%00%(objectname)%00%(upstream:track)%00%(upstream:remotename)%00%(upstream:remoteref) refs/heads/master refs/remotes/master [2ms]
[2022-09-07T02:28:01.788Z] > git for-each-ref --sort -committerdate --format %(refname) %(objectname) %(*objectname) [5ms]
[2022-09-07T02:28:01.788Z] > git remote --verbose [1ms]
[2022-09-07T02:28:01.794Z] > git config --get commit.template [1ms]
[2022-09-07T02:28:12.291Z] > git status -z -uall [11ms]
[2022-09-07T02:28:12.307Z] > git symbolic-ref --short HEAD [12ms]
[2022-09-07T02:28:12.313Z] > git for-each-ref --format=%(refname)%00%(upstream:short)%00%(objectname)%00%(upstream:track)%00%(upstream:remotename)%00%(upstream:remoteref) refs/heads/master refs/remotes/master [2ms]
[2022-09-07T02:28:12.326Z] > git for-each-ref --sort -committerdate --format %(refname) %(objectname) %(*objectname) [10ms]
[2022-09-07T02:28:12.326Z] > git remote --verbose [1ms]
[2022-09-07T02:28:12.331Z] > git config --get commit.template [1ms]
[2022-09-07T02:28:17.348Z] > git status -z -uall [11ms]
[2022-09-07T02:28:17.352Z] > git symbolic-ref --short HEAD [1ms]
[2022-09-07T02:28:17.357Z] > git for-each-ref --format=%(refname)%00%(upstream:short)%00%(objectname)%00%(upstream:track)%00%(upstream:remotename)%00%(upstream:remoteref) refs/heads/master refs/remotes/master [1ms]
[2022-09-07T02:28:17.366Z] > git for-each-ref --sort -committerdate --format %(refname) %(objectname) %(*objectname) [5ms]
[2022-09-07T02:28:17.366Z] > git remote --verbose [2ms]
[2022-09-07T02:28:17.371Z] > git config --get commit.template [1ms]
[2022-09-07T02:28:22.388Z] > git status -z -uall [11ms]
[2022-09-07T02:28:22.392Z] > git symbolic-ref --short HEAD [1ms]
[2022-09-07T02:28:22.396Z] > git for-each-ref --format=%(refname)%00%(upstream:short)%00%(objectname)%00%(upstream:track)%00%(upstream:remotename)%00%(upstream:remoteref) refs/heads/master refs/remotes/master [1ms]
[2022-09-07T02:28:22.402Z] > git for-each-ref --sort -committerdate --format %(refname) %(objectname) %(*objectname) [3ms]
[2022-09-07T02:28:22.403Z] > git remote --verbose [2ms]
[2022-09-07T02:28:22.409Z] > git config --get commit.template [2ms]
[2022-09-07T02:28:28.229Z] > git status -z -uall [25ms]
[2022-09-07T02:28:28.234Z] > git symbolic-ref --short HEAD [1ms]
[2022-09-07T02:28:28.239Z] > git for-each-ref --format=%(refname)%00%(upstream:short)%00%(objectname)%00%(upstream:track)%00%(upstream:remotename)%00%(upstream:remoteref) refs/heads/master refs/remotes/master [1ms]
[2022-09-07T02:28:28.247Z] > git remote --verbose [2ms]
[2022-09-07T02:28:28.247Z] > git for-each-ref --sort -committerdate --format %(refname) %(objectname) %(*objectname) [5ms]
[2022-09-07T02:28:28.253Z] > git config --get commit.template [1ms]
[2022-09-07T02:28:33.269Z] > git status -z -uall [11ms]
[2022-09-07T02:28:33.273Z] > git symbolic-ref --short HEAD [1ms]
[2022-09-07T02:28:33.278Z] > git for-each-ref --format=%(refname)%00%(upstream:short)%00%(objectname)%00%(upstream:track)%00%(upstream:remotename)%00%(upstream:remoteref) refs/heads/master refs/remotes/master [1ms]
[2022-09-07T02:28:33.284Z] > git for-each-ref --sort -committerdate --format %(refname) %(objectname) %(*objectname) [3ms]
[2022-09-07T02:28:33.285Z] > git remote --verbose [2ms]
[2022-09-07T02:28:33.292Z] > git config --get commit.template [1ms]
[2022-09-07T02:28:38.309Z] > git status -z -uall [9ms]
[2022-09-07T02:28:38.313Z] > git symbolic-ref --short HEAD [1ms]
[2022-09-07T02:28:38.318Z] > git for-each-ref --format=%(refname)%00%(upstream:short)%00%(objectname)%00%(upstream:track)%00%(upstream:remotename)%00%(upstream:remoteref) refs/heads/master refs/remotes/master [1ms]
[2022-09-07T02:28:38.324Z] > git remote --verbose [1ms]
[2022-09-07T02:28:38.324Z] > git for-each-ref --sort -committerdate --format %(refname) %(objectname) %(*objectname) [4ms]
[2022-09-07T02:28:38.329Z] > git config --get commit.template [1ms]
[2022-09-07T02:28:43.343Z] > git status -z -uall [10ms]
[2022-09-07T02:28:43.348Z] > git symbolic-ref --short HEAD [1ms]
[2022-09-07T02:28:43.353Z] > git for-each-ref --format=%(refname)%00%(upstream:short)%00%(objectname)%00%(upstream:track)%00%(upstream:remotename)%00%(upstream:remoteref) refs/heads/master refs/remotes/master [1ms]
[2022-09-07T02:28:43.359Z] > git remote --verbose [1ms]
[2022-09-07T02:28:43.359Z] > git for-each-ref --sort -committerdate --format %(refname) %(objectname) %(*objectname) [3ms]
[2022-09-07T02:28:43.364Z] > git config --get commit.template [1ms]
[2022-09-07T02:28:48.380Z] > git status -z -uall [9ms]
[2022-09-07T02:28:48.384Z] > git symbolic-ref --short HEAD [1ms]
[2022-09-07T02:28:48.388Z] > git for-each-ref --format=%(refname)%00%(upstream:short)%00%(objectname)%00%(upstream:track)%00%(upstream:remotename)%00%(upstream:remoteref) refs/heads/master refs/remotes/master [1ms]
[2022-09-07T02:28:48.394Z] > git remote --verbose [0ms]
[2022-09-07T02:28:48.395Z] > git for-each-ref --sort -committerdate --format %(refname) %(objectname) %(*objectname) [4ms]
[2022-09-07T02:28:48.400Z] > git config --get commit.template [1ms]
[2022-09-07T02:28:53.426Z] > git status -z -uall [17ms]
[2022-09-07T02:28:53.430Z] > git symbolic-ref --short HEAD [1ms]
[2022-09-07T02:28:53.436Z] > git for-each-ref --format=%(refname)%00%(upstream:short)%00%(objectname)%00%(upstream:track)%00%(upstream:remotename)%00%(upstream:remoteref) refs/heads/master refs/remotes/master [3ms]
[2022-09-07T02:28:53.443Z] > git for-each-ref --sort -committerdate --format %(refname) %(objectname) %(*objectname) [4ms]
[2022-09-07T02:28:53.444Z] > git remote --verbose [2ms]
[2022-09-07T02:28:53.450Z] > git config --get commit.template [2ms]
[2022-09-07T02:28:58.468Z] > git status -z -uall [10ms]
[2022-09-07T02:28:58.472Z] > git symbolic-ref --short HEAD [2ms]
[2022-09-07T02:28:58.476Z] > git for-each-ref --format=%(refname)%00%(upstream:short)%00%(objectname)%00%(upstream:track)%00%(upstream:remotename)%00%(upstream:remoteref) refs/heads/master refs/remotes/master [1ms]
[2022-09-07T02:28:58.481Z] > git for-each-ref --sort -committerdate --format %(refname) %(objectname) %(*objectname) [3ms]
[2022-09-07T02:28:58.482Z] > git remote --verbose [1ms]
[2022-09-07T02:28:58.487Z] > git config --get commit.template [1ms]
[2022-09-07T02:29:04.247Z] > git status -z -uall [16ms]
[2022-09-07T02:29:04.251Z] > git symbolic-ref --short HEAD [1ms]
[2022-09-07T02:29:04.255Z] > git for-each-ref --format=%(refname)%00%(upstream:short)%00%(objectname)%00%(upstream:track)%00%(upstream:remotename)%00%(upstream:remoteref) refs/heads/master refs/remotes/master [1ms]
[2022-09-07T02:29:04.261Z] > git for-each-ref --sort -committerdate --format %(refname) %(objectname) %(*objectname) [3ms]
[2022-09-07T02:29:04.261Z] > git remote --verbose [1ms]
[2022-09-07T02:29:04.268Z] > git config --get commit.template [1ms]
[2022-09-07T02:29:09.285Z] > git status -z -uall [12ms]
[2022-09-07T02:29:09.289Z] > git symbolic-ref --short HEAD [1ms]
[2022-09-07T02:29:09.293Z] > git for-each-ref --format=%(refname)%00%(upstream:short)%00%(objectname)%00%(upstream:track)%00%(upstream:remotename)%00%(upstream:remoteref) refs/heads/master refs/remotes/master [1ms]
[2022-09-07T02:29:09.299Z] > git for-each-ref --sort -committerdate --format %(refname) %(objectname) %(*objectname) [3ms]
[2022-09-07T02:29:09.299Z] > git remote --verbose [1ms]
[2022-09-07T02:29:09.304Z] > git config --get commit.template [1ms]
[2022-09-07T02:29:14.322Z] > git status -z -uall [13ms]
[2022-09-07T02:29:14.326Z] > git symbolic-ref --short HEAD [1ms]
[2022-09-07T02:29:14.330Z] > git for-each-ref --format=%(refname)%00%(upstream:short)%00%(objectname)%00%(upstream:track)%00%(upstream:remotename)%00%(upstream:remoteref) refs/heads/master refs/remotes/master [1ms]
[2022-09-07T02:29:14.336Z] > git remote --verbose [1ms]
[2022-09-07T02:29:14.337Z] > git for-each-ref --sort -committerdate --format %(refname) %(objectname) %(*objectname) [4ms]
[2022-09-07T02:29:14.342Z] > git config --get commit.template [1ms]
[2022-09-07T02:29:19.361Z] > git status -z -uall [9ms]
[2022-09-07T02:29:19.365Z] > git symbolic-ref --short HEAD [1ms]
[2022-09-07T02:29:19.370Z] > git for-each-ref --format=%(refname)%00%(upstream:short)%00%(objectname)%00%(upstream:track)%00%(upstream:remotename)%00%(upstream:remoteref) refs/heads/master refs/remotes/master [1ms]
[2022-09-07T02:29:19.375Z] > git for-each-ref --sort -committerdate --format %(refname) %(objectname) %(*objectname) [3ms]
[2022-09-07T02:29:19.376Z] > git remote --verbose [1ms]
[2022-09-07T02:29:19.382Z] > git config --get commit.template [1ms]
